<?xml version="1.0" encoding="UTF-8"?>
<coverage generated="1517106326180" clover="3.2.0">
  <project timestamp="1517106326180" name="All files">
    <metrics statements="21" coveredstatements="17" conditionals="22" coveredconditionals="16" methods="7" coveredmethods="5" elements="50" coveredelements="38" complexity="0" loc="21" ncloc="21" packages="3" files="4" classes="4">
      <package name="scripts">
        <metrics statements="4" coveredstatements="0" conditionals="6" coveredconditionals="0" methods="2" coveredmethods="0"/>
        <file name="temp.js" path="/home/ubuntu/workspace/app-framework/scripts/temp.js">
          <metrics statements="4" coveredstatements="0" conditionals="6" coveredconditionals="0" methods="2" coveredmethods="0"/>
          <line num="1" count="0" type="cond" truecount="0" falsecount="4"/>
          <line num="3" count="0" type="stmt"/>
          <line num="4" count="0" type="cond" truecount="0" falsecount="2"/>
          <line num="5" count="0" type="stmt"/>
        </file>
      </package>
      <package name="scripts.com">
        <metrics statements="15" coveredstatements="15" conditionals="16" coveredconditionals="16" methods="4" coveredmethods="4"/>
        <file name="index.js" path="/home/ubuntu/workspace/app-framework/scripts/com/index.js">
          <metrics statements="1" coveredstatements="1" conditionals="0" coveredconditionals="0" methods="0" coveredmethods="0"/>
          <line num="9" count="1" type="stmt"/>
        </file>
        <file name="run.js" path="/home/ubuntu/workspace/app-framework/scripts/com/run.js">
          <metrics statements="14" coveredstatements="14" conditionals="16" coveredconditionals="16" methods="4" coveredmethods="4"/>
          <line num="5" count="2" type="stmt"/>
          <line num="7" count="18" type="cond" truecount="4" falsecount="0"/>
          <line num="8" count="13" type="cond" truecount="4" falsecount="0"/>
          <line num="11" count="8" type="cond" truecount="2" falsecount="0"/>
          <line num="12" count="6" type="cond" truecount="2" falsecount="0"/>
          <line num="13" count="6" type="stmt"/>
          <line num="17" count="2" type="cond" truecount="2" falsecount="0"/>
          <line num="20" count="2" type="stmt"/>
          <line num="21" count="2" type="stmt"/>
          <line num="22" count="2" type="stmt"/>
          <line num="25" count="2" type="stmt"/>
          <line num="26" count="2" type="cond" truecount="2" falsecount="0"/>
          <line num="27" count="2" type="stmt"/>
          <line num="28" count="2" type="stmt"/>
        </file>
      </package>
      <package name="scripts.test">
        <metrics statements="2" coveredstatements="2" conditionals="0" coveredconditionals="0" methods="1" coveredmethods="1"/>
        <file name="a.js" path="/home/ubuntu/workspace/app-framework/scripts/test/a.js">
          <metrics statements="2" coveredstatements="2" conditionals="0" coveredconditionals="0" methods="1" coveredmethods="1"/>
          <line num="1" count="1" type="stmt"/>
          <line num="2" count="2" type="stmt"/>
        </file>
      </package>
    </metrics>
  </project>
</coverage>
