{"/home/ubuntu/workspace/app-framework/scripts/temp.js": {"path":"/home/ubuntu/workspace/app-framework/scripts/temp.js","statementMap":{"0":{"start":{"line":1,"column":24},"end":{"line":1,"column":40}},"1":{"start":{"line":1,"column":53},"end":{"line":1,"column":81}},"2":{"start":{"line":1,"column":120},"end":{"line":1,"column":174}},"3":{"start":{"line":3,"column":0},"end":{"line":6,"column":3}},"4":{"start":{"line":4,"column":2},"end":{"line":5,"column":31}},"5":{"start":{"line":4,"column":11},"end":{"line":4,"column":38}},"6":{"start":{"line":5,"column":2},"end":{"line":5,"column":31}}},"fnMap":{"0":{"name":"_interopRequireDefault","decl":{"start":{"line":1,"column":91},"end":{"line":1,"column":113}},"loc":{"start":{"line":1,"column":119},"end":{"line":1,"column":175}},"line":1},"1":{"name":"(anonymous_1)","decl":{"start":{"line":3,"column":63},"end":{"line":3,"column":64}},"loc":{"start":{"line":3,"column":84},"end":{"line":6,"column":1}},"line":3}},"branchMap":{"0":{"loc":{"start":{"line":1,"column":127},"end":{"line":1,"column":173}},"type":"cond-expr","locations":[{"start":{"line":1,"column":151},"end":{"line":1,"column":154}},{"start":{"line":1,"column":157},"end":{"line":1,"column":173}}],"line":1},"1":{"loc":{"start":{"line":1,"column":127},"end":{"line":1,"column":148}},"type":"binary-expr","locations":[{"start":{"line":1,"column":127},"end":{"line":1,"column":130}},{"start":{"line":1,"column":134},"end":{"line":1,"column":148}}],"line":1},"2":{"loc":{"start":{"line":4,"column":2},"end":{"line":5,"column":31}},"type":"if","locations":[{"start":{"line":4,"column":2},"end":{"line":5,"column":31}},{"start":{"line":4,"column":2},"end":{"line":5,"column":31}}],"line":4}},"s":{"0":0,"1":0,"2":0,"3":0,"4":0,"5":0,"6":0},"f":{"0":0,"1":0},"b":{"0":[0,0],"1":[0,0],"2":[0,0]}}
,"/home/ubuntu/workspace/app-framework/scripts/com/index.js": {"path":"/home/ubuntu/workspace/app-framework/scripts/com/index.js","statementMap":{"0":{"start":{"line":9,"column":12},"end":{"line":11,"column":1}}},"fnMap":{},"branchMap":{},"s":{"0":1},"f":{},"b":{},"_coverageSchema":"332fd63041d2c1bcb487cc26dd0d5f7d97098a6c","hash":"1285d2d780213984bf0080daeb6d97aae1b3a91a"}
,"/home/ubuntu/workspace/app-framework/scripts/com/run.js": {"path":"/home/ubuntu/workspace/app-framework/scripts/com/run.js","statementMap":{"0":{"start":{"line":5,"column":12},"end":{"line":30,"column":1}},"1":{"start":{"line":7,"column":2},"end":{"line":7,"column":127}},"2":{"start":{"line":7,"column":62},"end":{"line":7,"column":127}},"3":{"start":{"line":8,"column":2},"end":{"line":8,"column":142}},"4":{"start":{"line":8,"column":73},"end":{"line":8,"column":142}},"5":{"start":{"line":11,"column":2},"end":{"line":14,"column":3}},"6":{"start":{"line":12,"column":4},"end":{"line":12,"column":66}},"7":{"start":{"line":12,"column":40},"end":{"line":12,"column":66}},"8":{"start":{"line":13,"column":4},"end":{"line":13,"column":11}},"9":{"start":{"line":17,"column":15},"end":{"line":17,"column":81}},"10":{"start":{"line":20,"column":18},"end":{"line":20,"column":20}},"11":{"start":{"line":21,"column":2},"end":{"line":21,"column":53}},"12":{"start":{"line":21,"column":33},"end":{"line":21,"column":51}},"13":{"start":{"line":22,"column":2},"end":{"line":22,"column":53}},"14":{"start":{"line":22,"column":33},"end":{"line":22,"column":51}},"15":{"start":{"line":25,"column":2},"end":{"line":29,"column":5}},"16":{"start":{"line":26,"column":18},"end":{"line":26,"column":86}},"17":{"start":{"line":27,"column":17},"end":{"line":27,"column":35}},"18":{"start":{"line":28,"column":4},"end":{"line":28,"column":26}}},"fnMap":{"0":{"name":"(anonymous_0)","decl":{"start":{"line":5,"column":12},"end":{"line":5,"column":13}},"loc":{"start":{"line":5,"column":35},"end":{"line":30,"column":1}},"line":5},"1":{"name":"(anonymous_1)","decl":{"start":{"line":21,"column":25},"end":{"line":21,"column":26}},"loc":{"start":{"line":21,"column":33},"end":{"line":21,"column":51}},"line":21},"2":{"name":"(anonymous_2)","decl":{"start":{"line":22,"column":25},"end":{"line":22,"column":26}},"loc":{"start":{"line":22,"column":33},"end":{"line":22,"column":51}},"line":22},"3":{"name":"(anonymous_3)","decl":{"start":{"line":25,"column":19},"end":{"line":25,"column":20}},"loc":{"start":{"line":25,"column":29},"end":{"line":29,"column":3}},"line":25}},"branchMap":{"0":{"loc":{"start":{"line":7,"column":2},"end":{"line":7,"column":127}},"type":"if","locations":[{"start":{"line":7,"column":2},"end":{"line":7,"column":127}},{"start":{"line":7,"column":2},"end":{"line":7,"column":127}}],"line":7},"1":{"loc":{"start":{"line":7,"column":6},"end":{"line":7,"column":60}},"type":"binary-expr","locations":[{"start":{"line":7,"column":6},"end":{"line":7,"column":33}},{"start":{"line":7,"column":37},"end":{"line":7,"column":60}}],"line":7},"2":{"loc":{"start":{"line":8,"column":2},"end":{"line":8,"column":142}},"type":"if","locations":[{"start":{"line":8,"column":2},"end":{"line":8,"column":142}},{"start":{"line":8,"column":2},"end":{"line":8,"column":142}}],"line":8},"3":{"loc":{"start":{"line":8,"column":6},"end":{"line":8,"column":71}},"type":"binary-expr","locations":[{"start":{"line":8,"column":6},"end":{"line":8,"column":36}},{"start":{"line":8,"column":40},"end":{"line":8,"column":71}}],"line":8},"4":{"loc":{"start":{"line":11,"column":2},"end":{"line":14,"column":3}},"type":"if","locations":[{"start":{"line":11,"column":2},"end":{"line":14,"column":3}},{"start":{"line":11,"column":2},"end":{"line":14,"column":3}}],"line":11},"5":{"loc":{"start":{"line":12,"column":4},"end":{"line":12,"column":66}},"type":"if","locations":[{"start":{"line":12,"column":4},"end":{"line":12,"column":66}},{"start":{"line":12,"column":4},"end":{"line":12,"column":66}}],"line":12},"6":{"loc":{"start":{"line":17,"column":23},"end":{"line":17,"column":80}},"type":"cond-expr","locations":[{"start":{"line":17,"column":53},"end":{"line":17,"column":60}},{"start":{"line":17,"column":63},"end":{"line":17,"column":80}}],"line":17},"7":{"loc":{"start":{"line":26,"column":18},"end":{"line":26,"column":86}},"type":"cond-expr","locations":[{"start":{"line":26,"column":29},"end":{"line":26,"column":79}},{"start":{"line":26,"column":82},"end":{"line":26,"column":86}}],"line":26}},"s":{"0":2,"1":18,"2":5,"3":13,"4":5,"5":8,"6":6,"7":3,"8":6,"9":2,"10":2,"11":2,"12":1,"13":2,"14":1,"15":2,"16":2,"17":2,"18":2},"f":{"0":18,"1":1,"2":1,"3":2},"b":{"0":[5,13],"1":[18,8],"2":[5,8],"3":[13,8],"4":[6,2],"5":[3,3],"6":[1,1],"7":[1,1]},"_coverageSchema":"332fd63041d2c1bcb487cc26dd0d5f7d97098a6c","hash":"00d4e89deabbacac3e3e2a860e7c0c4b3472fc78"}
,"/home/ubuntu/workspace/app-framework/scripts/test/a.js": {"path":"/home/ubuntu/workspace/app-framework/scripts/test/a.js","statementMap":{"0":{"start":{"line":1,"column":0},"end":{"line":3,"column":2}},"1":{"start":{"line":2,"column":2},"end":{"line":2,"column":21}}},"fnMap":{"0":{"name":"(anonymous_0)","decl":{"start":{"line":1,"column":17},"end":{"line":1,"column":18}},"loc":{"start":{"line":1,"column":23},"end":{"line":3,"column":1}},"line":1}},"branchMap":{},"s":{"0":1,"1":2},"f":{"0":2},"b":{},"_coverageSchema":"332fd63041d2c1bcb487cc26dd0d5f7d97098a6c","hash":"91ce95f0d63867f6e500ca4b3ce8f62f7bf1bd34"}
}
