TN:
SF:/home/ubuntu/workspace/app-framework/scripts/temp.js
FN:1,_interopRequireDefault
FN:3,(anonymous_1)
FNF:2
FNH:0
FNDA:0,_interopRequireDefault
FNDA:0,(anonymous_1)
DA:1,0
DA:3,0
DA:4,0
DA:5,0
LF:4
LH:0
BRDA:1,0,0,0
BRDA:1,0,1,0
BRDA:1,1,0,0
BRDA:1,1,1,0
BRDA:4,2,0,0
BRDA:4,2,1,0
BRF:6
BRH:0
end_of_record
TN:
SF:/home/ubuntu/workspace/app-framework/scripts/com/index.js
FNF:0
FNH:0
DA:9,1
LF:1
LH:1
BRF:0
BRH:0
end_of_record
TN:
SF:/home/ubuntu/workspace/app-framework/scripts/com/run.js
FN:5,(anonymous_0)
FN:21,(anonymous_1)
FN:22,(anonymous_2)
FN:25,(anonymous_3)
FNF:4
FNH:4
FNDA:18,(anonymous_0)
FNDA:1,(anonymous_1)
FNDA:1,(anonymous_2)
FNDA:2,(anonymous_3)
DA:5,2
DA:7,18
DA:8,13
DA:11,8
DA:12,6
DA:13,6
DA:17,2
DA:20,2
DA:21,2
DA:22,2
DA:25,2
DA:26,2
DA:27,2
DA:28,2
LF:14
LH:14
BRDA:7,0,0,5
BRDA:7,0,1,13
BRDA:7,1,0,18
BRDA:7,1,1,8
BRDA:8,2,0,5
BRDA:8,2,1,8
BRDA:8,3,0,13
BRDA:8,3,1,8
BRDA:11,4,0,6
BRDA:11,4,1,2
BRDA:12,5,0,3
BRDA:12,5,1,3
BRDA:17,6,0,1
BRDA:17,6,1,1
BRDA:26,7,0,1
BRDA:26,7,1,1
BRF:16
BRH:16
end_of_record
TN:
SF:/home/ubuntu/workspace/app-framework/scripts/test/a.js
FN:1,(anonymous_0)
FNF:1
FNH:1
FNDA:2,(anonymous_0)
DA:1,1
DA:2,2
LF:2
LH:2
BRF:0
BRH:0
end_of_record
